       _                 _           _
      | |               | |         (_)
   ___| |______ __ _  __| |_ __ ___  _ _ __
  / _ | |______/ _` |/ _` | '_ ` _ \| | '_ \
 |  __| |     | (_| | (_| | | | | | | | | | |
  \___|_|      \__,_|\__,_|_| |_| |_|_|_| |_|

 :: Spring Boot ::       (v2.6.4)
elAdmin- [31m2023-07-22 16:00:17[0;39m [32m[main][0;39m [34mINFO [0;39m [1;35mme.zhengjie.AppRun[0;39m - Starting AppRun v2.7 using Java 1.8.0_202 on ascc-XPS-8940 with PID 2225177 (/home/ascc/LF_Workspace/RobotDevieManagement/eadmin/eladmin/notes/eladmin-system-2.7.jar started by ascc in /home/ascc/LF_Workspace/RobotDevieManagement/eadmin/eladmin/notes)
elAdmin- [31m2023-07-22 16:00:17[0;39m [32m[main][0;39m [34mINFO [0;39m [1;35mme.zhengjie.AppRun[0;39m - The following 1 profile is active: "prod"
elAdmin- [31m2023-07-22 16:00:18[0;39m [32m[main][0;39m [34mINFO [0;39m [1;35mo.s.d.r.c.RepositoryConfigurationDelegate[0;39m - Multiple Spring Data modules found, entering strict repository configuration mode!
elAdmin- [31m2023-07-22 16:00:18[0;39m [32m[main][0;39m [34mINFO [0;39m [1;35mo.s.d.r.c.RepositoryConfigurationDelegate[0;39m - Bootstrapping Spring Data JPA repositories in DEFAULT mode.
elAdmin- [31m2023-07-22 16:00:18[0;39m [32m[main][0;39m [34mINFO [0;39m [1;35mo.s.d.r.c.RepositoryConfigurationDelegate[0;39m - Finished Spring Data repository scanning in 152 ms. Found 22 JPA repository interfaces.
elAdmin- [31m2023-07-22 16:00:19[0;39m [32m[main][0;39m [34mINFO [0;39m [1;35mo.s.b.w.e.tomcat.TomcatWebServer[0;39m - Tomcat initialized with port(s): 8000 (http)
elAdmin- [31m2023-07-22 16:00:19[0;39m [32m[main][0;39m [34mINFO [0;39m [1;35mo.a.coyote.http11.Http11NioProtocol[0;39m - Initializing ProtocolHandler ["http-nio-8000"]
elAdmin- [31m2023-07-22 16:00:19[0;39m [32m[main][0;39m [34mINFO [0;39m [1;35mo.a.catalina.core.StandardService[0;39m - Starting service [Tomcat]
elAdmin- [31m2023-07-22 16:00:19[0;39m [32m[main][0;39m [34mINFO [0;39m [1;35mo.a.catalina.core.StandardEngine[0;39m - Starting Servlet engine: [Apache Tomcat/9.0.58]
elAdmin- [31m2023-07-22 16:00:19[0;39m [32m[main][0;39m [34mINFO [0;39m [1;35mo.a.c.c.C.[Tomcat].[localhost].[/][0;39m - Initializing Spring embedded WebApplicationContext
elAdmin- [31m2023-07-22 16:00:19[0;39m [32m[main][0;39m [34mINFO [0;39m [1;35mo.s.b.w.s.c.ServletWebServerApplicationContext[0;39m - Root WebApplicationContext: initialization completed in 1610 ms
elAdmin- [31m2023-07-22 16:00:19[0;39m [32m[main][0;39m [34mINFO [0;39m [1;35mc.a.d.s.b.a.DruidDataSourceAutoConfigure[0;39m - Init DruidDataSource
elAdmin- [31m2023-07-22 16:00:20[0;39m [32m[main][0;39m [34mINFO [0;39m [1;35mc.alibaba.druid.pool.DruidDataSource[0;39m - {dataSource-1} inited
elAdmin- [31m2023-07-22 16:00:20[0;39m [32m[main][0;39m [34mINFO [0;39m [1;35mo.h.jpa.internal.util.LogHelper[0;39m - HHH000204: Processing PersistenceUnitInfo [name: default]
elAdmin- [31m2023-07-22 16:00:20[0;39m [32m[main][0;39m [34mINFO [0;39m [1;35morg.hibernate.Version[0;39m - HHH000412: Hibernate ORM core version 5.6.5.Final
elAdmin- [31m2023-07-22 16:00:20[0;39m [32m[main][0;39m [34mINFO [0;39m [1;35mo.h.annotations.common.Version[0;39m - HCANN000001: Hibernate Commons Annotations {5.1.2.Final}
elAdmin- [31m2023-07-22 16:00:20[0;39m [32m[main][0;39m [34mINFO [0;39m [1;35morg.hibernate.dialect.Dialect[0;39m - HHH000400: Using dialect: org.hibernate.dialect.MySQL5InnoDBDialect
elAdmin- [31m2023-07-22 16:00:21[0;39m [32m[main][0;39m [34mINFO [0;39m [1;35mo.h.e.t.j.p.i.JtaPlatformInitiator[0;39m - HHH000490: Using JtaPlatform implementation: [org.hibernate.engine.transaction.jta.platform.internal.NoJtaPlatform]
elAdmin- [31m2023-07-22 16:00:21[0;39m [32m[main][0;39m [34mINFO [0;39m [1;35mo.s.o.j.LocalContainerEntityManagerFactoryBean[0;39m - Initialized JPA EntityManagerFactory for persistence unit 'default'
elAdmin- [31m2023-07-22 16:00:22[0;39m [32m[main][0;39m [34mINFO [0;39m [1;35morg.quartz.impl.StdSchedulerFactory[0;39m - Using default implementation for ThreadExecutor
elAdmin- [31m2023-07-22 16:00:22[0;39m [32m[main][0;39m [34mINFO [0;39m [1;35mo.quartz.core.SchedulerSignalerImpl[0;39m - Initialized Scheduler Signaller of type: class org.quartz.core.SchedulerSignalerImpl
elAdmin- [31m2023-07-22 16:00:22[0;39m [32m[main][0;39m [34mINFO [0;39m [1;35morg.quartz.core.QuartzScheduler[0;39m - Quartz Scheduler v.2.3.2 created.
elAdmin- [31m2023-07-22 16:00:22[0;39m [32m[main][0;39m [34mINFO [0;39m [1;35morg.quartz.simpl.RAMJobStore[0;39m - RAMJobStore initialized.
elAdmin- [31m2023-07-22 16:00:22[0;39m [32m[main][0;39m [34mINFO [0;39m [1;35morg.quartz.core.QuartzScheduler[0;39m - Scheduler meta-data: Quartz Scheduler (v2.3.2) 'quartzScheduler' with instanceId 'NON_CLUSTERED'
  Scheduler class: 'org.quartz.core.QuartzScheduler' - running locally.
  NOT STARTED.
  Currently in standby mode.
  Number of jobs executed: 0
  Using thread pool 'org.quartz.simpl.SimpleThreadPool' - with 10 threads.
  Using job-store 'org.quartz.simpl.RAMJobStore' - which does not support persistence. and is not clustered.

elAdmin- [31m2023-07-22 16:00:22[0;39m [32m[main][0;39m [34mINFO [0;39m [1;35morg.quartz.impl.StdSchedulerFactory[0;39m - Quartz scheduler 'quartzScheduler' initialized from an externally provided properties instance.
elAdmin- [31m2023-07-22 16:00:22[0;39m [32m[main][0;39m [34mINFO [0;39m [1;35morg.quartz.impl.StdSchedulerFactory[0;39m - Quartz scheduler version: 2.3.2
elAdmin- [31m2023-07-22 16:00:22[0;39m [32m[main][0;39m [34mINFO [0;39m [1;35morg.quartz.core.QuartzScheduler[0;39m - JobFactory set to: org.springframework.scheduling.quartz.SpringBeanJobFactory@42714a7
elAdmin- [31m2023-07-22 16:00:22[0;39m [32m[main][0;39m [34mINFO [0;39m [1;35mo.s.s.web.DefaultSecurityFilterChain[0;39m - Will not secure any request
elAdmin- [31m2023-07-22 16:00:22[0;39m [32m[main][0;39m [34mINFO [0;39m [1;35mme.zhengjie.config.RedisConfig[0;39m - åˆå§‹åŒ– -> [Redis CacheErrorHandler]
elAdmin- [31m2023-07-22 16:00:23[0;39m [32m[main][0;39m [34mINFO [0;39m [1;35mo.a.coyote.http11.Http11NioProtocol[0;39m - Starting ProtocolHandler ["http-nio-8000"]
elAdmin- [31m2023-07-22 16:00:23[0;39m [32m[main][0;39m [34mINFO [0;39m [1;35mo.s.b.w.e.tomcat.TomcatWebServer[0;39m - Tomcat started on port(s): 8000 (http) with context path ''
elAdmin- [31m2023-07-22 16:00:24[0;39m [32m[main][0;39m [34mINFO [0;39m [1;35mo.s.s.quartz.SchedulerFactoryBean[0;39m - Starting Quartz Scheduler now
elAdmin- [31m2023-07-22 16:00:24[0;39m [32m[main][0;39m [34mINFO [0;39m [1;35morg.quartz.core.QuartzScheduler[0;39m - Scheduler quartzScheduler_$_NON_CLUSTERED started.
elAdmin- [31m2023-07-22 16:00:24[0;39m [32m[main][0;39m [34mINFO [0;39m [1;35mme.zhengjie.AppRun[0;39m - Started AppRun in 6.695 seconds (JVM running for 7.08)
elAdmin- [31m2023-07-22 16:00:24[0;39m [32m[main][0;39m [34mINFO [0;39m [1;35mm.z.modules.quartz.config.JobRunner[0;39m - Timing task injection complete
elAdmin- [31m2023-07-22 16:00:24[0;39m [32m[http-nio-8000-exec-1][0;39m [34mINFO [0;39m [1;35mo.a.c.c.C.[Tomcat].[localhost].[/][0;39m - Initializing Spring DispatcherServlet 'dispatcherServlet'
elAdmin- [31m2023-07-22 16:00:24[0;39m [32m[http-nio-8000-exec-1][0;39m [34mINFO [0;39m [1;35mo.s.web.servlet.DispatcherServlet[0;39m - Initializing Servlet 'dispatcherServlet'
elAdmin- [31m2023-07-22 16:00:24[0;39m [32m[http-nio-8000-exec-1][0;39m [34mINFO [0;39m [1;35mo.s.web.servlet.DispatcherServlet[0;39m - Completed initialization in 1 ms
elAdmin- [31m2023-07-22 16:00:25[0;39m [32m[http-nio-8000-exec-1][0;39m [1;31mERROR[0;39m [1;35mme.zhengjie.config.RedisConfig[0;39m - Redis occur handleCachePutErrorï¼škey -> [user:1]ï¼›value -> [[]]
org.springframework.data.redis.RedisSystemException: Error in execution; nested exception is io.lettuce.core.RedisCommandExecutionException: MISCONF Redis is configured to save RDB snapshots, but it's currently unable to persist to disk. Commands that may modify the data set are disabled, because this instance is configured to report errors during writes if RDB snapshotting fails (stop-writes-on-bgsave-error option). Please check the Redis logs for details about the RDB error.
	at org.springframework.data.redis.connection.lettuce.LettuceExceptionConverter.convert(LettuceExceptionConverter.java:54)
	at org.springframework.data.redis.connection.lettuce.LettuceExceptionConverter.convert(LettuceExceptionConverter.java:52)
	at org.springframework.data.redis.connection.lettuce.LettuceExceptionConverter.convert(LettuceExceptionConverter.java:41)
	at org.springframework.data.redis.PassThroughExceptionTranslationStrategy.translate(PassThroughExceptionTranslationStrategy.java:44)
	at org.springframework.data.redis.FallbackExceptionTranslationStrategy.translate(FallbackExceptionTranslationStrategy.java:42)
	at org.springframework.data.redis.connection.lettuce.LettuceConnection.convertLettuceAccessException(LettuceConnection.java:272)
	at org.springframework.data.redis.connection.lettuce.LettuceConnection.await(LettuceConnection.java:1063)
	at org.springframework.data.redis.connection.lettuce.LettuceConnection.lambda$doInvoke$4(LettuceConnection.java:920)
	at org.springframework.data.redis.connection.lettuce.LettuceInvoker$Synchronizer.invoke(LettuceInvoker.java:673)
	at org.springframework.data.redis.connection.lettuce.LettuceInvoker$DefaultSingleInvocationSpec.getOrElse(LettuceInvoker.java:598)
	at org.springframework.data.redis.connection.lettuce.LettuceInvoker$SingleInvocationSpec.orElse(LettuceInvoker.java:385)
	at org.springframework.data.redis.connection.lettuce.LettuceStringCommands.set(LettuceStringCommands.java:140)
	at org.springframework.data.redis.connection.DefaultedRedisConnection.set(DefaultedRedisConnection.java:320)
	at org.springframework.data.redis.cache.DefaultRedisCacheWriter.lambda$put$0(DefaultRedisCacheWriter.java:109)
	at org.springframework.data.redis.cache.DefaultRedisCacheWriter.execute(DefaultRedisCacheWriter.java:308)
	at org.springframework.data.redis.cache.DefaultRedisCacheWriter.put(DefaultRedisCacheWriter.java:106)
	at org.springframework.data.redis.cache.RedisCache.put(RedisCache.java:168)
	at org.springframework.cache.interceptor.AbstractCacheInvoker.doPut(AbstractCacheInvoker.java:87)
	at org.springframework.cache.interceptor.CacheAspectSupport$CachePutRequest.apply(CacheAspectSupport.java:837)
	at org.springframework.cache.interceptor.CacheAspectSupport.execute(CacheAspectSupport.java:430)
	at org.springframework.cache.interceptor.CacheAspectSupport.execute(CacheAspectSupport.java:345)
	at org.springframework.cache.interceptor.CacheInterceptor.invoke(CacheInterceptor.java:64)
	at org.springframework.aop.framework.ReflectiveMethodInvocation.proceed(ReflectiveMethodInvocation.java:186)
	at org.springframework.aop.framework.CglibAopProxy$CglibMethodInvocation.proceed(CglibAopProxy.java:753)
	at org.springframework.aop.framework.CglibAopProxy$DynamicAdvisedInterceptor.intercept(CglibAopProxy.java:698)
	at me.zhengjie.modules.system.service.impl.DataServiceImpl$$EnhancerBySpringCGLIB$$d77e029b.getDeptIds(<generated>)
	at me.zhengjie.modules.system.rest.UserController.queryUser(UserController.java:90)
	at me.zhengjie.modules.system.rest.UserController$$FastClassBySpringCGLIB$$2bb70b4b.invoke(<generated>)
	at org.springframework.cglib.proxy.MethodProxy.invoke(MethodProxy.java:218)
	at org.springframework.aop.framework.CglibAopProxy$CglibMethodInvocation.invokeJoinpoint(CglibAopProxy.java:783)
	at org.springframework.aop.framework.ReflectiveMethodInvocation.proceed(ReflectiveMethodInvocation.java:163)
	at org.springframework.aop.framework.CglibAopProxy$CglibMethodInvocation.proceed(CglibAopProxy.java:753)
	at org.springframework.aop.interceptor.ExposeInvocationInterceptor.invoke(ExposeInvocationInterceptor.java:97)
	at org.springframework.aop.framework.ReflectiveMethodInvocation.proceed(ReflectiveMethodInvocation.java:186)
	at org.springframework.aop.framework.CglibAopProxy$CglibMethodInvocation.proceed(CglibAopProxy.java:753)
	at org.springframework.aop.framework.CglibAopProxy$DynamicAdvisedInterceptor.intercept(CglibAopProxy.java:698)
	at me.zhengjie.modules.system.rest.UserController$$EnhancerBySpringCGLIB$$bfe9fc49.queryUser(<generated>)
	at sun.reflect.NativeMethodAccessorImpl.invoke0(Native Method)
	at sun.reflect.NativeMethodAccessorImpl.invoke(NativeMethodAccessorImpl.java:62)
	at sun.reflect.DelegatingMethodAccessorImpl.invoke(DelegatingMethodAccessorImpl.java:43)
	at java.lang.reflect.Method.invoke(Method.java:498)
	at org.springframework.web.method.support.InvocableHandlerMethod.doInvoke(InvocableHandlerMethod.java:205)
	at org.springframework.web.method.support.InvocableHandlerMethod.invokeForRequest(InvocableHandlerMethod.java:150)
	at org.springframework.web.servlet.mvc.method.annotation.ServletInvocableHandlerMethod.invokeAndHandle(ServletInvocableHandlerMethod.java:117)
	at org.springframework.web.servlet.mvc.method.annotation.RequestMappingHandlerAdapter.invokeHandlerMethod(RequestMappingHandlerAdapter.java:895)
	at org.springframework.web.servlet.mvc.method.annotation.RequestMappingHandlerAdapter.handleInternal(RequestMappingHandlerAdapter.java:808)
	at org.springframework.web.servlet.mvc.method.AbstractHandlerMethodAdapter.handle(AbstractHandlerMethodAdapter.java:87)
	at org.springframework.web.servlet.DispatcherServlet.doDispatch(DispatcherServlet.java:1067)
	at org.springframework.web.servlet.DispatcherServlet.doService(DispatcherServlet.java:963)
	at org.springframework.web.servlet.FrameworkServlet.processRequest(FrameworkServlet.java:1006)
	at org.springframework.web.servlet.FrameworkServlet.doGet(FrameworkServlet.java:898)
	at javax.servlet.http.HttpServlet.service(HttpServlet.java:655)
	at org.springframework.web.servlet.FrameworkServlet.service(FrameworkServlet.java:883)
	at javax.servlet.http.HttpServlet.service(HttpServlet.java:764)
	at org.apache.catalina.core.ApplicationFilterChain.internalDoFilter(ApplicationFilterChain.java:227)
	at org.apache.catalina.core.ApplicationFilterChain.doFilter(ApplicationFilterChain.java:162)
	at org.apache.tomcat.websocket.server.WsFilter.doFilter(WsFilter.java:53)
	at org.apache.catalina.core.ApplicationFilterChain.internalDoFilter(ApplicationFilterChain.java:189)
	at org.apache.catalina.core.ApplicationFilterChain.doFilter(ApplicationFilterChain.java:162)
	at org.springframework.web.filter.OncePerRequestFilter.doFilter(OncePerRequestFilter.java:111)
	at org.apache.catalina.core.ApplicationFilterChain.internalDoFilter(ApplicationFilterChain.java:189)
	at org.apache.catalina.core.ApplicationFilterChain.doFilter(ApplicationFilterChain.java:162)
	at com.alibaba.druid.support.http.WebStatFilter.doFilter(WebStatFilter.java:124)
	at org.apache.catalina.core.ApplicationFilterChain.internalDoFilter(ApplicationFilterChain.java:189)
	at org.apache.catalina.core.ApplicationFilterChain.doFilter(ApplicationFilterChain.java:162)
	at org.springframework.security.web.FilterChainProxy$VirtualFilterChain.doFilter(FilterChainProxy.java:327)
	at org.springframework.security.web.access.intercept.FilterSecurityInterceptor.invoke(FilterSecurityInterceptor.java:115)
	at org.springframework.security.web.access.intercept.FilterSecurityInterceptor.doFilter(FilterSecurityInterceptor.java:81)
	at org.springframework.security.web.FilterChainProxy$VirtualFilterChain.doFilter(FilterChainProxy.java:336)
	at org.springframework.security.web.access.ExceptionTranslationFilter.doFilter(ExceptionTranslationFilter.java:122)
	at org.springframework.security.web.access.ExceptionTranslationFilter.doFilter(ExceptionTranslationFilter.java:116)
	at org.springframework.security.web.FilterChainProxy$VirtualFilterChain.doFilter(FilterChainProxy.java:336)
	at org.springframework.security.web.session.SessionManagementFilter.doFilter(SessionManagementFilter.java:126)
	at org.springframework.security.web.session.SessionManagementFilter.doFilter(SessionManagementFilter.java:81)
	at org.springframework.security.web.FilterChainProxy$VirtualFilterChain.doFilter(FilterChainProxy.java:336)
	at org.springframework.security.web.authentication.AnonymousAuthenticationFilter.doFilter(AnonymousAuthenticationFilter.java:109)
	at org.springframework.security.web.FilterChainProxy$VirtualFilterChain.doFilter(FilterChainProxy.java:336)
	at org.springframework.security.web.servletapi.SecurityContextHolderAwareRequestFilter.doFilter(SecurityContextHolderAwareRequestFilter.java:149)
	at org.springframework.security.web.FilterChainProxy$VirtualFilterChain.doFilter(FilterChainProxy.java:336)
	at org.springframework.security.web.savedrequest.RequestCacheAwareFilter.doFilter(RequestCacheAwareFilter.java:63)
	at org.springframework.security.web.FilterChainProxy$VirtualFilterChain.doFilter(FilterChainProxy.java:336)
	at me.zhengjie.modules.security.security.TokenFilter.doFilter(TokenFilter.java:90)
	at org.springframework.security.web.FilterChainProxy$VirtualFilterChain.doFilter(FilterChainProxy.java:336)
	at org.springframework.web.filter.CorsFilter.doFilterInternal(CorsFilter.java:91)
	at org.springframework.web.filter.OncePerRequestFilter.doFilter(OncePerRequestFilter.java:117)
	at org.springframework.security.web.FilterChainProxy$VirtualFilterChain.doFilter(FilterChainProxy.java:336)
	at org.springframework.security.web.authentication.logout.LogoutFilter.doFilter(LogoutFilter.java:103)
	at org.springframework.security.web.authentication.logout.LogoutFilter.doFilter(LogoutFilter.java:89)
	at org.springframework.security.web.FilterChainProxy$VirtualFilterChain.doFilter(FilterChainProxy.java:336)
	at org.springframework.security.web.header.HeaderWriterFilter.doHeadersAfter(HeaderWriterFilter.java:90)
	at org.springframework.security.web.header.HeaderWriterFilter.doFilterInternal(HeaderWriterFilter.java:75)
	at org.springframework.web.filter.OncePerRequestFilter.doFilter(OncePerRequestFilter.java:117)
	at org.springframework.security.web.FilterChainProxy$VirtualFilterChain.doFilter(FilterChainProxy.java:336)
	at org.springframework.security.web.context.SecurityContextPersistenceFilter.doFilter(SecurityContextPersistenceFilter.java:110)
	at org.springframework.security.web.context.SecurityContextPersistenceFilter.doFilter(SecurityContextPersistenceFilter.java:80)
	at org.springframework.security.web.FilterChainProxy$VirtualFilterChain.doFilter(FilterChainProxy.java:336)
	at org.springframework.security.web.context.request.async.WebAsyncManagerIntegrationFilter.doFilterInternal(WebAsyncManagerIntegrationFilter.java:55)
	at org.springframework.web.filter.OncePerRequestFilter.doFilter(OncePerRequestFilter.java:117)
	at org.springframework.security.web.FilterChainProxy$VirtualFilterChain.doFilter(FilterChainProxy.java:336)
	at org.springframework.security.web.FilterChainProxy.doFilterInternal(FilterChainProxy.java:211)
	at org.springframework.security.web.FilterChainProxy.doFilter(FilterChainProxy.java:183)
	at org.springframework.web.filter.DelegatingFilterProxy.invokeDelegate(DelegatingFilterProxy.java:354)
	at org.springframework.web.filter.DelegatingFilterProxy.doFilter(DelegatingFilterProxy.java:267)
	at org.apache.catalina.core.ApplicationFilterChain.internalDoFilter(ApplicationFilterChain.java:189)
	at org.apache.catalina.core.ApplicationFilterChain.doFilter(ApplicationFilterChain.java:162)
	at org.springframework.web.filter.CharacterEncodingFilter.doFilterInternal(CharacterEncodingFilter.java:201)
	at org.springframework.web.filter.OncePerRequestFilter.doFilter(OncePerRequestFilter.java:117)
	at org.apache.catalina.core.ApplicationFilterChain.internalDoFilter(ApplicationFilterChain.java:189)
	at org.apache.catalina.core.ApplicationFilterChain.doFilter(ApplicationFilterChain.java:162)
	at org.apache.catalina.core.StandardWrapperValve.invoke(StandardWrapperValve.java:197)
	at org.apache.catalina.core.StandardContextValve.invoke(StandardContextValve.java:97)
	at org.apache.catalina.authenticator.AuthenticatorBase.invoke(AuthenticatorBase.java:540)
	at org.apache.catalina.core.StandardHostValve.invoke(StandardHostValve.java:135)
	at org.apache.catalina.valves.ErrorReportValve.invoke(ErrorReportValve.java:92)
	at org.apache.catalina.core.StandardEngineValve.invoke(StandardEngineValve.java:78)
	at org.apache.catalina.connector.CoyoteAdapter.service(CoyoteAdapter.java:359)
	at org.apache.coyote.http11.Http11Processor.service(Http11Processor.java:399)
	at org.apache.coyote.AbstractProcessorLight.process(AbstractProcessorLight.java:65)
	at org.apache.coyote.AbstractProtocol$ConnectionHandler.process(AbstractProtocol.java:889)
	at org.apache.tomcat.util.net.NioEndpoint$SocketProcessor.doRun(NioEndpoint.java:1735)
	at org.apache.tomcat.util.net.SocketProcessorBase.run(SocketProcessorBase.java:49)
	at org.apache.tomcat.util.threads.ThreadPoolExecutor.runWorker(ThreadPoolExecutor.java:1191)
	at org.apache.tomcat.util.threads.ThreadPoolExecutor$Worker.run(ThreadPoolExecutor.java:659)
	at org.apache.tomcat.util.threads.TaskThread$WrappingRunnable.run(TaskThread.java:61)
	at java.lang.Thread.run(Thread.java:748)
Caused by: io.lettuce.core.RedisCommandExecutionException: MISCONF Redis is configured to save RDB snapshots, but it's currently unable to persist to disk. Commands that may modify the data set are disabled, because this instance is configured to report errors during writes if RDB snapshotting fails (stop-writes-on-bgsave-error option). Please check the Redis logs for details about the RDB error.
	at io.lettuce.core.internal.ExceptionFactory.createExecutionException(ExceptionFactory.java:147)
	at io.lettuce.core.internal.ExceptionFactory.createExecutionException(ExceptionFactory.java:116)
	at io.lettuce.core.protocol.AsyncCommand.completeResult(AsyncCommand.java:120)
	at io.lettuce.core.protocol.AsyncCommand.complete(AsyncCommand.java:111)
	at io.lettuce.core.protocol.CommandHandler.complete(CommandHandler.java:746)
	at io.lettuce.core.protocol.CommandHandler.decode(CommandHandler.java:681)
	at io.lettuce.core.protocol.CommandHandler.channelRead(CommandHandler.java:598)
	at io.netty.channel.AbstractChannelHandlerContext.invokeChannelRead(AbstractChannelHandlerContext.java:379)
	at io.netty.channel.AbstractChannelHandlerContext.invokeChannelRead(AbstractChannelHandlerContext.java:365)
	at io.netty.channel.AbstractChannelHandlerContext.fireChannelRead(AbstractChannelHandlerContext.java:357)
	at io.netty.channel.DefaultChannelPipeline$HeadContext.channelRead(DefaultChannelPipeline.java:1410)
	at io.netty.channel.AbstractChannelHandlerContext.invokeChannelRead(AbstractChannelHandlerContext.java:379)
	at io.netty.channel.AbstractChannelHandlerContext.invokeChannelRead(AbstractChannelHandlerContext.java:365)
	at io.netty.channel.DefaultChannelPipeline.fireChannelRead(DefaultChannelPipeline.java:919)
	at io.netty.channel.nio.AbstractNioByteChannel$NioByteUnsafe.read(AbstractNioByteChannel.java:166)
	at io.netty.channel.nio.NioEventLoop.processSelectedKey(NioEventLoop.java:722)
	at io.netty.channel.nio.NioEventLoop.processSelectedKeysOptimized(NioEventLoop.java:658)
	at io.netty.channel.nio.NioEventLoop.processSelectedKeys(NioEventLoop.java:584)
	at io.netty.channel.nio.NioEventLoop.run(NioEventLoop.java:496)
	at io.netty.util.concurrent.SingleThreadEventExecutor$4.run(SingleThreadEventExecutor.java:986)
	at io.netty.util.internal.ThreadExecutorMap$2.run(ThreadExecutorMap.java:74)
	at io.netty.util.concurrent.FastThreadLocalRunnable.run(FastThreadLocalRunnable.java:30)
	... 1 common frames omitted
